2022-05-01 10:21:50,569 [background-preinit] INFO  o.h.validator.internal.util.Version                - HV000001: Hibernate Validator 6.2.3.Final
2022-05-01 10:21:50,636 [restartedMain] INFO  c.l.d.c.SpringDataJpaCassandraApplication          - Starting SpringDataJpaCassandraApplication using Java 17.0.1 on Beds-MacBook-Pro.local with PID 8304 (/Users/bedsingh/GitHub/i-learn-spring-datajpa-cassandra/target/classes started by bedsingh in /Users/bedsingh/GitHub/i-learn-spring-datajpa-cassandra)
2022-05-01 10:21:50,641 [restartedMain] INFO  c.l.d.c.SpringDataJpaCassandraApplication          - No active profile set, falling back to 1 default profile: "default"
2022-05-01 10:21:50,753 [restartedMain] INFO  o.s.boot.devtools.restart.ChangeableUrls           - The Class-Path manifest attribute in /Users/bedsingh/.m2/repository/org/glassfish/hk2/hk2/2.6.1/hk2-2.6.1.jar referenced one or more files that do not exist: file:/Users/bedsingh/.m2/repository/org/glassfish/hk2/hk2/2.6.1/hk2-utils.jar,file:/Users/bedsingh/.m2/repository/org/glassfish/hk2/hk2/2.6.1/jakarta.annotation-api.jar,file:/Users/bedsingh/.m2/repository/org/glassfish/hk2/hk2/2.6.1/jakarta.inject.jar,file:/Users/bedsingh/.m2/repository/org/glassfish/hk2/hk2/2.6.1/hk2-api.jar,file:/Users/bedsingh/.m2/repository/org/glassfish/hk2/hk2/2.6.1/aopalliance-repackaged.jar,file:/Users/bedsingh/.m2/repository/org/glassfish/hk2/hk2/2.6.1/hk2-core.jar,file:/Users/bedsingh/.m2/repository/org/glassfish/hk2/hk2/2.6.1/hk2-locator.jar,file:/Users/bedsingh/.m2/repository/org/glassfish/hk2/hk2/2.6.1/javassist.jar,file:/Users/bedsingh/.m2/repository/org/glassfish/hk2/hk2/2.6.1/hk2-runlevel.jar,file:/Users/bedsingh/.m2/repository/org/glassfish/hk2/hk2/2.6.1/class-model.jar,file:/Users/bedsingh/.m2/repository/org/glassfish/hk2/hk2/2.6.1/asm.jar,file:/Users/bedsingh/.m2/repository/org/glassfish/hk2/hk2/2.6.1/asm-analysis.jar,file:/Users/bedsingh/.m2/repository/org/glassfish/hk2/hk2/2.6.1/asm-commons.jar,file:/Users/bedsingh/.m2/repository/org/glassfish/hk2/hk2/2.6.1/asm-tree.jar,file:/Users/bedsingh/.m2/repository/org/glassfish/hk2/hk2/2.6.1/asm-util.jar
2022-05-01 10:21:50,753 [restartedMain] INFO  o.s.b.d.e.DevToolsPropertyDefaultsPostProcessor    - Devtools property defaults active! Set 'spring.devtools.add-properties' to 'false' to disable
2022-05-01 10:21:50,753 [restartedMain] INFO  o.s.b.d.e.DevToolsPropertyDefaultsPostProcessor    - For additional web related logging consider setting the 'logging.level.web' property to 'DEBUG'
2022-05-01 10:21:51,823 [restartedMain] INFO  o.s.d.r.c.RepositoryConfigurationDelegate          - Bootstrapping Spring Data Reactive Cassandra repositories in DEFAULT mode.
2022-05-01 10:21:51,879 [restartedMain] INFO  o.s.d.r.c.RepositoryConfigurationDelegate          - Finished Spring Data repository scanning in 48 ms. Found 0 Reactive Cassandra repository interfaces.
2022-05-01 10:21:51,893 [restartedMain] INFO  o.s.d.r.c.RepositoryConfigurationDelegate          - Bootstrapping Spring Data Cassandra repositories in DEFAULT mode.
2022-05-01 10:21:51,926 [restartedMain] INFO  o.s.d.r.c.RepositoryConfigurationDelegate          - Finished Spring Data repository scanning in 32 ms. Found 1 Cassandra repository interfaces.
2022-05-01 10:21:52,835 [restartedMain] INFO  o.s.b.w.embedded.tomcat.TomcatWebServer            - Tomcat initialized with port(s): 8080 (http)
2022-05-01 10:21:52,848 [restartedMain] INFO  o.apache.coyote.http11.Http11NioProtocol           - Initializing ProtocolHandler ["http-nio-8080"]
2022-05-01 10:21:52,849 [restartedMain] INFO  org.apache.catalina.core.StandardService           - Starting service [Tomcat]
2022-05-01 10:21:52,849 [restartedMain] INFO  org.apache.catalina.core.StandardEngine            - Starting Servlet engine: [Apache Tomcat/9.0.62]
2022-05-01 10:21:52,957 [restartedMain] INFO  o.a.c.c.C.[Tomcat].[localhost].[/]                 - Initializing Spring embedded WebApplicationContext
2022-05-01 10:21:52,957 [restartedMain] INFO  o.s.b.w.s.c.ServletWebServerApplicationContext     - Root WebApplicationContext: initialization completed in 2203 ms
2022-05-01 10:21:53,538 [restartedMain] INFO  c.d.o.d.i.core.DefaultMavenCoordinates             - DataStax Java driver for Apache Cassandra(R) (com.datastax.oss:java-driver-core) version 4.13.0
2022-05-01 10:21:54,063 [s0-admin-0] INFO  c.d.oss.driver.internal.core.time.Clock            - Using native clock for microsecond precision
2022-05-01 10:21:54,068 [s0-admin-0] INFO  c.d.o.d.i.core.metadata.MetadataManager            - [s0] No contact points provided, defaulting to /127.0.0.1:9042
2022-05-01 10:21:54,556 [restartedMain] INFO  o.s.b.d.a.OptionalLiveReloadServer                 - LiveReload server is running on port 35729
2022-05-01 10:21:54,790 [s1-admin-0] INFO  c.d.oss.driver.internal.core.time.Clock            - Using native clock for microsecond precision
2022-05-01 10:21:54,877 [s2-admin-0] INFO  c.d.oss.driver.internal.core.time.Clock            - Using native clock for microsecond precision
2022-05-01 10:21:55,676 [restartedMain] INFO  o.apache.coyote.http11.Http11NioProtocol           - Starting ProtocolHandler ["http-nio-8080"]
2022-05-01 10:21:55,689 [restartedMain] INFO  o.s.b.w.embedded.tomcat.TomcatWebServer            - Tomcat started on port(s): 8080 (http) with context path ''
2022-05-01 10:21:55,703 [restartedMain] INFO  c.l.d.c.SpringDataJpaCassandraApplication          - Started SpringDataJpaCassandraApplication in 5.763 seconds (JVM running for 6.57)
2022-05-01 10:21:55,714 [restartedMain] INFO  c.d.oss.driver.api.core.uuid.Uuids                 - PID obtained through native call to getpid(): 8304
2022-05-01 10:21:56,186 [s0-io-3] WARN  c.d.o.d.i.core.cql.CqlRequestHandler               - Query '[0 values] SELECT count(1) FROM employee' generated server side warning(s): Aggregation query used without partition key
2022-05-01 10:21:56,196 [restartedMain] INFO  c.l.d.c.SpringDataJpaCassandraApplication          - Started. info
2022-05-01 10:21:56,200 [restartedMain] ERROR c.l.d.c.SpringDataJpaCassandraApplication          - Started. error
2022-05-01 10:22:43,906 [background-preinit] INFO  o.h.validator.internal.util.Version                - HV000001: Hibernate Validator 6.2.3.Final
2022-05-01 10:22:43,977 [restartedMain] INFO  c.l.d.c.SpringDataJpaCassandraApplication          - Starting SpringDataJpaCassandraApplication using Java 17.0.1 on Beds-MacBook-Pro.local with PID 8312 (/Users/bedsingh/GitHub/i-learn-spring-datajpa-cassandra/target/classes started by bedsingh in /Users/bedsingh/GitHub/i-learn-spring-datajpa-cassandra)
2022-05-01 10:22:43,982 [restartedMain] INFO  c.l.d.c.SpringDataJpaCassandraApplication          - No active profile set, falling back to 1 default profile: "default"
2022-05-01 10:22:44,097 [restartedMain] INFO  o.s.boot.devtools.restart.ChangeableUrls           - The Class-Path manifest attribute in /Users/bedsingh/.m2/repository/org/glassfish/hk2/hk2/2.6.1/hk2-2.6.1.jar referenced one or more files that do not exist: file:/Users/bedsingh/.m2/repository/org/glassfish/hk2/hk2/2.6.1/hk2-utils.jar,file:/Users/bedsingh/.m2/repository/org/glassfish/hk2/hk2/2.6.1/jakarta.annotation-api.jar,file:/Users/bedsingh/.m2/repository/org/glassfish/hk2/hk2/2.6.1/jakarta.inject.jar,file:/Users/bedsingh/.m2/repository/org/glassfish/hk2/hk2/2.6.1/hk2-api.jar,file:/Users/bedsingh/.m2/repository/org/glassfish/hk2/hk2/2.6.1/aopalliance-repackaged.jar,file:/Users/bedsingh/.m2/repository/org/glassfish/hk2/hk2/2.6.1/hk2-core.jar,file:/Users/bedsingh/.m2/repository/org/glassfish/hk2/hk2/2.6.1/hk2-locator.jar,file:/Users/bedsingh/.m2/repository/org/glassfish/hk2/hk2/2.6.1/javassist.jar,file:/Users/bedsingh/.m2/repository/org/glassfish/hk2/hk2/2.6.1/hk2-runlevel.jar,file:/Users/bedsingh/.m2/repository/org/glassfish/hk2/hk2/2.6.1/class-model.jar,file:/Users/bedsingh/.m2/repository/org/glassfish/hk2/hk2/2.6.1/asm.jar,file:/Users/bedsingh/.m2/repository/org/glassfish/hk2/hk2/2.6.1/asm-analysis.jar,file:/Users/bedsingh/.m2/repository/org/glassfish/hk2/hk2/2.6.1/asm-commons.jar,file:/Users/bedsingh/.m2/repository/org/glassfish/hk2/hk2/2.6.1/asm-tree.jar,file:/Users/bedsingh/.m2/repository/org/glassfish/hk2/hk2/2.6.1/asm-util.jar
2022-05-01 10:22:44,098 [restartedMain] INFO  o.s.b.d.e.DevToolsPropertyDefaultsPostProcessor    - Devtools property defaults active! Set 'spring.devtools.add-properties' to 'false' to disable
2022-05-01 10:22:44,099 [restartedMain] INFO  o.s.b.d.e.DevToolsPropertyDefaultsPostProcessor    - For additional web related logging consider setting the 'logging.level.web' property to 'DEBUG'
2022-05-01 10:22:45,115 [restartedMain] INFO  o.s.d.r.c.RepositoryConfigurationDelegate          - Bootstrapping Spring Data Reactive Cassandra repositories in DEFAULT mode.
2022-05-01 10:22:45,173 [restartedMain] INFO  o.s.d.r.c.RepositoryConfigurationDelegate          - Finished Spring Data repository scanning in 49 ms. Found 0 Reactive Cassandra repository interfaces.
2022-05-01 10:22:45,189 [restartedMain] INFO  o.s.d.r.c.RepositoryConfigurationDelegate          - Bootstrapping Spring Data Cassandra repositories in DEFAULT mode.
2022-05-01 10:22:45,221 [restartedMain] INFO  o.s.d.r.c.RepositoryConfigurationDelegate          - Finished Spring Data repository scanning in 31 ms. Found 1 Cassandra repository interfaces.
2022-05-01 10:22:46,104 [restartedMain] INFO  o.s.b.w.embedded.tomcat.TomcatWebServer            - Tomcat initialized with port(s): 8080 (http)
2022-05-01 10:22:46,118 [restartedMain] INFO  o.apache.coyote.http11.Http11NioProtocol           - Initializing ProtocolHandler ["http-nio-8080"]
2022-05-01 10:22:46,119 [restartedMain] INFO  org.apache.catalina.core.StandardService           - Starting service [Tomcat]
2022-05-01 10:22:46,120 [restartedMain] INFO  org.apache.catalina.core.StandardEngine            - Starting Servlet engine: [Apache Tomcat/9.0.62]
2022-05-01 10:22:46,214 [restartedMain] INFO  o.a.c.c.C.[Tomcat].[localhost].[/]                 - Initializing Spring embedded WebApplicationContext
2022-05-01 10:22:46,215 [restartedMain] INFO  o.s.b.w.s.c.ServletWebServerApplicationContext     - Root WebApplicationContext: initialization completed in 2115 ms
2022-05-01 10:22:46,781 [restartedMain] INFO  c.d.o.d.i.core.DefaultMavenCoordinates             - DataStax Java driver for Apache Cassandra(R) (com.datastax.oss:java-driver-core) version 4.13.0
2022-05-01 10:22:47,288 [s0-admin-0] INFO  c.d.oss.driver.internal.core.time.Clock            - Using native clock for microsecond precision
2022-05-01 10:22:47,294 [s0-admin-0] INFO  c.d.o.d.i.core.metadata.MetadataManager            - [s0] No contact points provided, defaulting to /127.0.0.1:9042
2022-05-01 10:22:47,733 [restartedMain] INFO  o.s.b.d.a.OptionalLiveReloadServer                 - LiveReload server is running on port 35729
2022-05-01 10:22:47,941 [s1-admin-0] INFO  c.d.oss.driver.internal.core.time.Clock            - Using native clock for microsecond precision
2022-05-01 10:22:48,027 [s2-admin-0] INFO  c.d.oss.driver.internal.core.time.Clock            - Using native clock for microsecond precision
2022-05-01 10:22:48,844 [restartedMain] INFO  o.apache.coyote.http11.Http11NioProtocol           - Starting ProtocolHandler ["http-nio-8080"]
2022-05-01 10:22:48,858 [restartedMain] INFO  o.s.b.w.embedded.tomcat.TomcatWebServer            - Tomcat started on port(s): 8080 (http) with context path ''
2022-05-01 10:22:48,872 [restartedMain] INFO  c.l.d.c.SpringDataJpaCassandraApplication          - Started SpringDataJpaCassandraApplication in 5.581 seconds (JVM running for 6.376)
2022-05-01 10:22:48,883 [restartedMain] INFO  c.d.oss.driver.api.core.uuid.Uuids                 - PID obtained through native call to getpid(): 8312
2022-05-01 10:22:49,380 [s0-io-3] WARN  c.d.o.d.i.core.cql.CqlRequestHandler               - Query '[0 values] SELECT count(1) FROM employee' generated server side warning(s): Aggregation query used without partition key
2022-05-01 10:22:49,394 [restartedMain] INFO  c.l.d.c.SpringDataJpaCassandraApplication          - Started. info
2022-05-01 10:22:49,394 [restartedMain] ERROR c.l.d.c.SpringDataJpaCassandraApplication          - Started. error
05-01-2022 10:24:03.559 [INFO ] [background-preinit] [o.h.validator.internal.util.Version:21] - HV000001: Hibernate Validator 6.2.3.Final
05-01-2022 10:24:03.628 [INFO ] [restartedMain] [c.l.d.c.SpringDataJpaCassandraApplication:55] - Starting SpringDataJpaCassandraApplication using Java 17.0.1 on Beds-MacBook-Pro.local with PID 8318 (/Users/bedsingh/GitHub/i-learn-spring-datajpa-cassandra/target/classes started by bedsingh in /Users/bedsingh/GitHub/i-learn-spring-datajpa-cassandra)
05-01-2022 10:24:03.632 [DEBUG] [restartedMain] [c.l.d.c.SpringDataJpaCassandraApplication:56] - Running with Spring Boot v2.6.7, Spring v5.3.19
05-01-2022 10:24:03.633 [INFO ] [restartedMain] [c.l.d.c.SpringDataJpaCassandraApplication:640] - No active profile set, falling back to 1 default profile: "default"
05-01-2022 10:24:03.748 [INFO ] [restartedMain] [o.s.b.d.restart.ChangeableUrls:255] - The Class-Path manifest attribute in /Users/bedsingh/.m2/repository/org/glassfish/hk2/hk2/2.6.1/hk2-2.6.1.jar referenced one or more files that do not exist: file:/Users/bedsingh/.m2/repository/org/glassfish/hk2/hk2/2.6.1/hk2-utils.jar,file:/Users/bedsingh/.m2/repository/org/glassfish/hk2/hk2/2.6.1/jakarta.annotation-api.jar,file:/Users/bedsingh/.m2/repository/org/glassfish/hk2/hk2/2.6.1/jakarta.inject.jar,file:/Users/bedsingh/.m2/repository/org/glassfish/hk2/hk2/2.6.1/hk2-api.jar,file:/Users/bedsingh/.m2/repository/org/glassfish/hk2/hk2/2.6.1/aopalliance-repackaged.jar,file:/Users/bedsingh/.m2/repository/org/glassfish/hk2/hk2/2.6.1/hk2-core.jar,file:/Users/bedsingh/.m2/repository/org/glassfish/hk2/hk2/2.6.1/hk2-locator.jar,file:/Users/bedsingh/.m2/repository/org/glassfish/hk2/hk2/2.6.1/javassist.jar,file:/Users/bedsingh/.m2/repository/org/glassfish/hk2/hk2/2.6.1/hk2-runlevel.jar,file:/Users/bedsingh/.m2/repository/org/glassfish/hk2/hk2/2.6.1/class-model.jar,file:/Users/bedsingh/.m2/repository/org/glassfish/hk2/hk2/2.6.1/asm.jar,file:/Users/bedsingh/.m2/repository/org/glassfish/hk2/hk2/2.6.1/asm-analysis.jar,file:/Users/bedsingh/.m2/repository/org/glassfish/hk2/hk2/2.6.1/asm-commons.jar,file:/Users/bedsingh/.m2/repository/org/glassfish/hk2/hk2/2.6.1/asm-tree.jar,file:/Users/bedsingh/.m2/repository/org/glassfish/hk2/hk2/2.6.1/asm-util.jar
05-01-2022 10:24:03.749 [INFO ] [restartedMain] [o.s.b.d.e.DevToolsPropertyDefaultsPostProcessor:255] - Devtools property defaults active! Set 'spring.devtools.add-properties' to 'false' to disable
05-01-2022 10:24:03.750 [INFO ] [restartedMain] [o.s.b.d.e.DevToolsPropertyDefaultsPostProcessor:255] - For additional web related logging consider setting the 'logging.level.web' property to 'DEBUG'
05-01-2022 10:24:04.777 [INFO ] [restartedMain] [o.s.d.r.c.RepositoryConfigurationDelegate:132] - Bootstrapping Spring Data Reactive Cassandra repositories in DEFAULT mode.
05-01-2022 10:24:04.836 [INFO ] [restartedMain] [o.s.d.r.c.RepositoryConfigurationDelegate:201] - Finished Spring Data repository scanning in 51 ms. Found 0 Reactive Cassandra repository interfaces.
05-01-2022 10:24:04.862 [INFO ] [restartedMain] [o.s.d.r.c.RepositoryConfigurationDelegate:132] - Bootstrapping Spring Data Cassandra repositories in DEFAULT mode.
05-01-2022 10:24:04.896 [INFO ] [restartedMain] [o.s.d.r.c.RepositoryConfigurationDelegate:201] - Finished Spring Data repository scanning in 34 ms. Found 1 Cassandra repository interfaces.
05-01-2022 10:24:05.792 [INFO ] [restartedMain] [o.s.b.w.e.tomcat.TomcatWebServer:108] - Tomcat initialized with port(s): 8080 (http)
05-01-2022 10:24:05.804 [INFO ] [restartedMain] [o.a.coyote.http11.Http11NioProtocol:173] - Initializing ProtocolHandler ["http-nio-8080"]
05-01-2022 10:24:05.804 [INFO ] [restartedMain] [o.a.catalina.core.StandardService:173] - Starting service [Tomcat]
05-01-2022 10:24:05.805 [INFO ] [restartedMain] [o.a.catalina.core.StandardEngine:173] - Starting Servlet engine: [Apache Tomcat/9.0.62]
05-01-2022 10:24:05.891 [INFO ] [restartedMain] [o.a.c.c.C.[Tomcat].[localhost].[/]:173] - Initializing Spring embedded WebApplicationContext
05-01-2022 10:24:05.891 [INFO ] [restartedMain] [o.s.b.w.s.c.ServletWebServerApplicationContext:290] - Root WebApplicationContext: initialization completed in 2141 ms
05-01-2022 10:24:06.426 [INFO ] [restartedMain] [c.d.o.d.i.c.DefaultMavenCoordinates:37] - DataStax Java driver for Apache Cassandra(R) (com.datastax.oss:java-driver-core) version 4.13.0
05-01-2022 10:24:06.952 [INFO ] [s0-admin-0] [c.d.o.d.internal.core.time.Clock:47] - Using native clock for microsecond precision
05-01-2022 10:24:06.956 [INFO ] [s0-admin-0] [c.d.o.d.i.c.metadata.MetadataManager:138] - [s0] No contact points provided, defaulting to /127.0.0.1:9042
05-01-2022 10:24:07.405 [INFO ] [restartedMain] [o.s.b.d.a.OptionalLiveReloadServer:58] - LiveReload server is running on port 35729
05-01-2022 10:24:07.619 [INFO ] [s1-admin-0] [c.d.o.d.internal.core.time.Clock:47] - Using native clock for microsecond precision
05-01-2022 10:24:07.695 [INFO ] [s2-admin-0] [c.d.o.d.internal.core.time.Clock:47] - Using native clock for microsecond precision
05-01-2022 10:24:08.428 [INFO ] [restartedMain] [o.a.coyote.http11.Http11NioProtocol:173] - Starting ProtocolHandler ["http-nio-8080"]
05-01-2022 10:24:08.443 [INFO ] [restartedMain] [o.s.b.w.e.tomcat.TomcatWebServer:220] - Tomcat started on port(s): 8080 (http) with context path ''
05-01-2022 10:24:08.463 [INFO ] [restartedMain] [c.l.d.c.SpringDataJpaCassandraApplication:61] - Started SpringDataJpaCassandraApplication in 5.515 seconds (JVM running for 6.29)
05-01-2022 10:24:08.490 [INFO ] [restartedMain] [c.d.oss.driver.api.core.uuid.Uuids:217] - PID obtained through native call to getpid(): 8318
05-01-2022 10:24:09.080 [WARN ] [s0-io-3] [c.d.o.d.i.core.cql.CqlRequestHandler:395] - Query '[0 values] SELECT count(1) FROM employee' generated server side warning(s): Aggregation query used without partition key
05-01-2022 10:24:09.097 [INFO ] [restartedMain] [c.l.d.c.SpringDataJpaCassandraApplication:22] - Started. info
05-01-2022 10:24:09.097 [DEBUG] [restartedMain] [c.l.d.c.SpringDataJpaCassandraApplication:23] - Started. debug
05-01-2022 10:24:09.098 [TRACE] [restartedMain] [c.l.d.c.SpringDataJpaCassandraApplication:24] - Started. trace
05-01-2022 10:24:09.098 [ERROR] [restartedMain] [c.l.d.c.SpringDataJpaCassandraApplication:25] - Started. error
05-01-2022 10:25:20.015 [INFO ] [background-preinit] [o.h.validator.internal.util.Version:21] - HV000001: Hibernate Validator 6.2.3.Final
05-01-2022 10:25:20.083 [INFO ] [restartedMain] [c.l.d.c.SpringDataJpaCassandraApplication:55] - Starting SpringDataJpaCassandraApplication using Java 17.0.1 on Beds-MacBook-Pro.local with PID 8327 (/Users/bedsingh/GitHub/i-learn-spring-datajpa-cassandra/target/classes started by bedsingh in /Users/bedsingh/GitHub/i-learn-spring-datajpa-cassandra)
05-01-2022 10:25:20.088 [DEBUG] [restartedMain] [c.l.d.c.SpringDataJpaCassandraApplication:56] - Running with Spring Boot v2.6.7, Spring v5.3.19
05-01-2022 10:25:20.089 [INFO ] [restartedMain] [c.l.d.c.SpringDataJpaCassandraApplication:640] - No active profile set, falling back to 1 default profile: "default"
05-01-2022 10:25:20.214 [INFO ] [restartedMain] [o.s.b.d.restart.ChangeableUrls:255] - The Class-Path manifest attribute in /Users/bedsingh/.m2/repository/org/glassfish/hk2/hk2/2.6.1/hk2-2.6.1.jar referenced one or more files that do not exist: file:/Users/bedsingh/.m2/repository/org/glassfish/hk2/hk2/2.6.1/hk2-utils.jar,file:/Users/bedsingh/.m2/repository/org/glassfish/hk2/hk2/2.6.1/jakarta.annotation-api.jar,file:/Users/bedsingh/.m2/repository/org/glassfish/hk2/hk2/2.6.1/jakarta.inject.jar,file:/Users/bedsingh/.m2/repository/org/glassfish/hk2/hk2/2.6.1/hk2-api.jar,file:/Users/bedsingh/.m2/repository/org/glassfish/hk2/hk2/2.6.1/aopalliance-repackaged.jar,file:/Users/bedsingh/.m2/repository/org/glassfish/hk2/hk2/2.6.1/hk2-core.jar,file:/Users/bedsingh/.m2/repository/org/glassfish/hk2/hk2/2.6.1/hk2-locator.jar,file:/Users/bedsingh/.m2/repository/org/glassfish/hk2/hk2/2.6.1/javassist.jar,file:/Users/bedsingh/.m2/repository/org/glassfish/hk2/hk2/2.6.1/hk2-runlevel.jar,file:/Users/bedsingh/.m2/repository/org/glassfish/hk2/hk2/2.6.1/class-model.jar,file:/Users/bedsingh/.m2/repository/org/glassfish/hk2/hk2/2.6.1/asm.jar,file:/Users/bedsingh/.m2/repository/org/glassfish/hk2/hk2/2.6.1/asm-analysis.jar,file:/Users/bedsingh/.m2/repository/org/glassfish/hk2/hk2/2.6.1/asm-commons.jar,file:/Users/bedsingh/.m2/repository/org/glassfish/hk2/hk2/2.6.1/asm-tree.jar,file:/Users/bedsingh/.m2/repository/org/glassfish/hk2/hk2/2.6.1/asm-util.jar
05-01-2022 10:25:20.215 [INFO ] [restartedMain] [o.s.b.d.e.DevToolsPropertyDefaultsPostProcessor:255] - Devtools property defaults active! Set 'spring.devtools.add-properties' to 'false' to disable
05-01-2022 10:25:20.216 [INFO ] [restartedMain] [o.s.b.d.e.DevToolsPropertyDefaultsPostProcessor:255] - For additional web related logging consider setting the 'logging.level.web' property to 'DEBUG'
05-01-2022 10:25:21.223 [INFO ] [restartedMain] [o.s.d.r.c.RepositoryConfigurationDelegate:132] - Bootstrapping Spring Data Reactive Cassandra repositories in DEFAULT mode.
05-01-2022 10:25:21.281 [INFO ] [restartedMain] [o.s.d.r.c.RepositoryConfigurationDelegate:201] - Finished Spring Data repository scanning in 50 ms. Found 0 Reactive Cassandra repository interfaces.
05-01-2022 10:25:21.297 [INFO ] [restartedMain] [o.s.d.r.c.RepositoryConfigurationDelegate:132] - Bootstrapping Spring Data Cassandra repositories in DEFAULT mode.
05-01-2022 10:25:21.330 [INFO ] [restartedMain] [o.s.d.r.c.RepositoryConfigurationDelegate:201] - Finished Spring Data repository scanning in 32 ms. Found 1 Cassandra repository interfaces.
05-01-2022 10:25:22.222 [INFO ] [restartedMain] [o.s.b.w.e.tomcat.TomcatWebServer:108] - Tomcat initialized with port(s): 8080 (http)
05-01-2022 10:25:22.234 [INFO ] [restartedMain] [o.a.coyote.http11.Http11NioProtocol:173] - Initializing ProtocolHandler ["http-nio-8080"]
05-01-2022 10:25:22.235 [INFO ] [restartedMain] [o.a.catalina.core.StandardService:173] - Starting service [Tomcat]
05-01-2022 10:25:22.235 [INFO ] [restartedMain] [o.a.catalina.core.StandardEngine:173] - Starting Servlet engine: [Apache Tomcat/9.0.62]
05-01-2022 10:25:22.328 [INFO ] [restartedMain] [o.a.c.c.C.[Tomcat].[localhost].[/]:173] - Initializing Spring embedded WebApplicationContext
05-01-2022 10:25:22.328 [INFO ] [restartedMain] [o.s.b.w.s.c.ServletWebServerApplicationContext:290] - Root WebApplicationContext: initialization completed in 2112 ms
05-01-2022 10:25:22.874 [INFO ] [restartedMain] [c.d.o.d.i.c.DefaultMavenCoordinates:37] - DataStax Java driver for Apache Cassandra(R) (com.datastax.oss:java-driver-core) version 4.13.0
05-01-2022 10:25:23.373 [INFO ] [s0-admin-0] [c.d.o.d.internal.core.time.Clock:47] - Using native clock for microsecond precision
05-01-2022 10:25:23.377 [INFO ] [s0-admin-0] [c.d.o.d.i.c.metadata.MetadataManager:138] - [s0] No contact points provided, defaulting to /127.0.0.1:9042
05-01-2022 10:25:23.820 [INFO ] [restartedMain] [o.s.b.d.a.OptionalLiveReloadServer:58] - LiveReload server is running on port 35729
05-01-2022 10:25:24.048 [INFO ] [s1-admin-0] [c.d.o.d.internal.core.time.Clock:47] - Using native clock for microsecond precision
05-01-2022 10:25:24.132 [INFO ] [s2-admin-0] [c.d.o.d.internal.core.time.Clock:47] - Using native clock for microsecond precision
05-01-2022 10:25:24.919 [INFO ] [restartedMain] [o.a.coyote.http11.Http11NioProtocol:173] - Starting ProtocolHandler ["http-nio-8080"]
05-01-2022 10:25:24.934 [INFO ] [restartedMain] [o.s.b.w.e.tomcat.TomcatWebServer:220] - Tomcat started on port(s): 8080 (http) with context path ''
05-01-2022 10:25:24.949 [INFO ] [restartedMain] [c.l.d.c.SpringDataJpaCassandraApplication:61] - Started SpringDataJpaCassandraApplication in 5.551 seconds (JVM running for 6.329)
05-01-2022 10:25:24.962 [INFO ] [restartedMain] [c.d.oss.driver.api.core.uuid.Uuids:217] - PID obtained through native call to getpid(): 8327
05-01-2022 10:25:25.496 [WARN ] [s0-io-3] [c.d.o.d.i.core.cql.CqlRequestHandler:395] - Query '[0 values] SELECT count(1) FROM employee' generated server side warning(s): Aggregation query used without partition key
05-01-2022 10:25:25.509 [INFO ] [restartedMain] [c.l.d.c.SpringDataJpaCassandraApplication:22] - Started. info
05-01-2022 10:25:25.513 [DEBUG] [restartedMain] [c.l.d.c.SpringDataJpaCassandraApplication:23] - Started. debug
05-01-2022 10:25:25.514 [ERROR] [restartedMain] [c.l.d.c.SpringDataJpaCassandraApplication:25] - Started. error
